// 重构日志: 71a9c09c
// 重构日志: 2937f5e7
// 重构日志: b61dde8d
// 重构日志: 39d382cc
// 同步 ID: 28447e37 @ Thu Jul  2 17:49:42 UTC 2026
// 重构日志: 2c083bee
// 重构日志: 69dd95a7
// 重构日志: c46b8f76
// 重构日志: 91e8f523
// 重构日志: befcee89
// 同步 ID: c3490daf @ Wed Jul  8 08:24:25 UTC 2026
// 重构日志: 294eae36
// 同步 ID: ebdf4d12 @ Sat Jul 11 11:05:38 UTC 2026
// 同步 ID: c26850ea @ Sat Jul 11 14:54:55 UTC 2026
// 重构日志: a5407426
// 重构日志: 2f6f4722
// 同步 ID: 00245259 @ Sat Jul 18 10:48:42 UTC 2026
// 重构日志: 509e0dff
// 重构日志: 4a6af6c8
// 同步 ID: f0ff26f0 @ Tue Jul 21 06:53:30 UTC 2026
// 同步 ID: 0d4c715b @ Wed Jul 22 15:27:37 UTC 2026
// 重构日志: 72daffc8
// 同步 ID: 88ae600f @ Fri Jul 24 17:54:31 UTC 2026
